<?xml version="1.0" encoding="UTF-8" ?>
<testsuites>
  <testsuite errors="0" failures="1" hostname="K-Wang" id="0" name="HelloWorldTest" package="" skipped="0" tests="2" time="0.387" timestamp="2015-05-06T13:50:49">
      <properties>
[...]
</properties>

      <testcase classname="HelloWorldTest" name="testWillAlwaysFail" time="0.011">
          <failure message="An error message" type="junit.framework.AssertionFailedError">junit.framework.AssertionFailedError: An error message
	at HelloWorldTest.testWillAlwaysFail(Unknown Source)
</failure>

      </testcase>

      <testcase classname="HelloWorldTest" name="testNothing" time="0.0040" />

      <system-out><![CDATA[]]></system-out>

      <system-err><![CDATA[]]></system-err>

  </testsuite>
</testsuites>
